INFO:httpx:HTTP Request: GET https://huggingface.co/api/models/Salesforce/instructblip-flan-t5-xl/tree/main/additional_chat_templates?recursive=false&expand=false "HTTP/1.1 404 Not Found"
INFO:httpx:HTTP Request: HEAD https://huggingface.co/Salesforce/instructblip-flan-t5-xl/resolve/main/processor_config.json "HTTP/1.1 307 Temporary Redirect"
INFO:httpx:HTTP Request: HEAD https://huggingface.co/api/resolve-cache/models/Salesforce/instructblip-flan-t5-xl/bf9bd58cb3bb06e88c03b80f9cc346b90094bc6d/processor_config.json "HTTP/1.1 200 OK"
INFO:httpx:HTTP Request: HEAD https://huggingface.co/Salesforce/instructblip-flan-t5-xl/resolve/main/chat_template.json "HTTP/1.1 404 Not Found"
INFO:httpx:HTTP Request: HEAD https://huggingface.co/Salesforce/instructblip-flan-t5-xl/resolve/main/chat_template.jinja "HTTP/1.1 404 Not Found"
INFO:httpx:HTTP Request: HEAD https://huggingface.co/Salesforce/instructblip-flan-t5-xl/resolve/main/audio_tokenizer_config.json "HTTP/1.1 404 Not Found"
INFO:httpx:HTTP Request: HEAD https://huggingface.co/Salesforce/instructblip-flan-t5-xl/resolve/main/processor_config.json "HTTP/1.1 307 Temporary Redirect"
Warning: You are sending unauthenticated requests to the HF Hub. Please set a HF_TOKEN to enable higher rate limits and faster downloads.
WARNING:huggingface_hub.utils._http:Warning: You are sending unauthenticated requests to the HF Hub. Please set a HF_TOKEN to enable higher rate limits and faster downloads.
INFO:httpx:HTTP Request: HEAD https://huggingface.co/api/resolve-cache/models/Salesforce/instructblip-flan-t5-xl/bf9bd58cb3bb06e88c03b80f9cc346b90094bc6d/processor_config.json "HTTP/1.1 200 OK"
INFO:httpx:HTTP Request: HEAD https://huggingface.co/Salesforce/instructblip-flan-t5-xl/resolve/main/preprocessor_config.json "HTTP/1.1 307 Temporary Redirect"
INFO:httpx:HTTP Request: HEAD https://huggingface.co/api/resolve-cache/models/Salesforce/instructblip-flan-t5-xl/bf9bd58cb3bb06e88c03b80f9cc346b90094bc6d/preprocessor_config.json "HTTP/1.1 200 OK"
INFO:httpx:HTTP Request: HEAD https://huggingface.co/Salesforce/instructblip-flan-t5-xl/resolve/main/processor_config.json "HTTP/1.1 307 Temporary Redirect"
INFO:httpx:HTTP Request: HEAD https://huggingface.co/api/resolve-cache/models/Salesforce/instructblip-flan-t5-xl/bf9bd58cb3bb06e88c03b80f9cc346b90094bc6d/processor_config.json "HTTP/1.1 200 OK"
INFO:httpx:HTTP Request: HEAD https://huggingface.co/Salesforce/instructblip-flan-t5-xl/resolve/main/preprocessor_config.json "HTTP/1.1 307 Temporary Redirect"
INFO:httpx:HTTP Request: HEAD https://huggingface.co/api/resolve-cache/models/Salesforce/instructblip-flan-t5-xl/bf9bd58cb3bb06e88c03b80f9cc346b90094bc6d/preprocessor_config.json "HTTP/1.1 200 OK"
INFO:httpx:HTTP Request: HEAD https://huggingface.co/Salesforce/instructblip-flan-t5-xl/resolve/main/config.json "HTTP/1.1 307 Temporary Redirect"
INFO:httpx:HTTP Request: HEAD https://huggingface.co/api/resolve-cache/models/Salesforce/instructblip-flan-t5-xl/bf9bd58cb3bb06e88c03b80f9cc346b90094bc6d/config.json "HTTP/1.1 200 OK"
INFO:httpx:HTTP Request: HEAD https://huggingface.co/Salesforce/instructblip-flan-t5-xl/resolve/main/tokenizer_config.json "HTTP/1.1 307 Temporary Redirect"
INFO:httpx:HTTP Request: HEAD https://huggingface.co/api/resolve-cache/models/Salesforce/instructblip-flan-t5-xl/bf9bd58cb3bb06e88c03b80f9cc346b90094bc6d/tokenizer_config.json "HTTP/1.1 200 OK"
INFO:httpx:HTTP Request: HEAD https://huggingface.co/Salesforce/instructblip-flan-t5-xl/resolve/main/tokenizer_config.json "HTTP/1.1 307 Temporary Redirect"
INFO:httpx:HTTP Request: HEAD https://huggingface.co/api/resolve-cache/models/Salesforce/instructblip-flan-t5-xl/bf9bd58cb3bb06e88c03b80f9cc346b90094bc6d/tokenizer_config.json "HTTP/1.1 200 OK"
INFO:httpx:HTTP Request: GET https://huggingface.co/api/models/Salesforce/instructblip-flan-t5-xl/tree/main/additional_chat_templates?recursive=false&expand=false "HTTP/1.1 404 Not Found"
INFO:httpx:HTTP Request: GET https://huggingface.co/api/models/Salesforce/instructblip-flan-t5-xl/tree/main?recursive=true&expand=false "HTTP/1.1 200 OK"
INFO:httpx:HTTP Request: HEAD https://huggingface.co/Salesforce/instructblip-flan-t5-xl/resolve/main/qformer_tokenizer/config.json "HTTP/1.1 404 Not Found"
INFO:httpx:HTTP Request: HEAD https://huggingface.co/Salesforce/instructblip-flan-t5-xl/resolve/main/qformer_tokenizer/config.json "HTTP/1.1 404 Not Found"
INFO:httpx:HTTP Request: HEAD https://huggingface.co/Salesforce/instructblip-flan-t5-xl/resolve/main/qformer_tokenizer/tokenizer_config.json "HTTP/1.1 307 Temporary Redirect"
INFO:httpx:HTTP Request: HEAD https://huggingface.co/api/resolve-cache/models/Salesforce/instructblip-flan-t5-xl/bf9bd58cb3bb06e88c03b80f9cc346b90094bc6d/qformer_tokenizer%2Ftokenizer_config.json "HTTP/1.1 200 OK"
INFO:httpx:HTTP Request: GET https://huggingface.co/api/models/Salesforce/instructblip-flan-t5-xl/tree/main/additional_chat_templates?recursive=false&expand=false "HTTP/1.1 404 Not Found"
INFO:httpx:HTTP Request: GET https://huggingface.co/api/models/Salesforce/instructblip-flan-t5-xl/tree/main?recursive=true&expand=false "HTTP/1.1 200 OK"
INFO:httpx:HTTP Request: HEAD https://huggingface.co/Salesforce/instructblip-flan-t5-xl/resolve/main/config.json "HTTP/1.1 307 Temporary Redirect"
INFO:httpx:HTTP Request: HEAD https://huggingface.co/api/resolve-cache/models/Salesforce/instructblip-flan-t5-xl/bf9bd58cb3bb06e88c03b80f9cc346b90094bc6d/config.json "HTTP/1.1 200 OK"
INFO:httpx:HTTP Request: HEAD https://huggingface.co/Salesforce/instructblip-flan-t5-xl/resolve/main/model.safetensors "HTTP/1.1 404 Not Found"
INFO:httpx:HTTP Request: HEAD https://huggingface.co/Salesforce/instructblip-flan-t5-xl/resolve/main/model.safetensors.index.json "HTTP/1.1 307 Temporary Redirect"
INFO:httpx:HTTP Request: HEAD https://huggingface.co/api/resolve-cache/models/Salesforce/instructblip-flan-t5-xl/bf9bd58cb3bb06e88c03b80f9cc346b90094bc6d/model.safetensors.index.json "HTTP/1.1 200 OK"
INFO:httpx:HTTP Request: GET https://huggingface.co/api/models/Salesforce/instructblip-flan-t5-xl/revision/main "HTTP/1.1 200 OK"
Fetching 2 files:   0%|          | 0/2 [00:00<?, ?it/s]Fetching 2 files: 100%|██████████| 2/2 [00:00<00:00, 19553.86it/s]
Loading weights:   0%|          | 0/1363 [00:00<?, ?it/s]Loading weights:  16%|█▌        | 216/1363 [00:00<00:00, 2159.71it/s]Loading weights:  32%|███▏      | 432/1363 [00:00<00:00, 2002.26it/s]Loading weights:  55%|█████▍    | 745/1363 [00:00<00:00, 2494.09it/s]Loading weights:  85%|████████▌ | 1165/1363 [00:00<00:00, 3137.47it/s]Loading weights: 100%|██████████| 1363/1363 [00:00<00:00, 2877.80it/s]
[transformers] The tied weights mapping and config for this model specifies to tie language_model.shared.weight to language_model.lm_head.weight, but both are present in the checkpoints with different values, so we will NOT tie them. You should update the config with `tie_word_embeddings=False` to silence this warning.
INFO:httpx:HTTP Request: HEAD https://huggingface.co/Salesforce/instructblip-flan-t5-xl/resolve/main/generation_config.json "HTTP/1.1 307 Temporary Redirect"
INFO:httpx:HTTP Request: HEAD https://huggingface.co/api/resolve-cache/models/Salesforce/instructblip-flan-t5-xl/bf9bd58cb3bb06e88c03b80f9cc346b90094bc6d/generation_config.json "HTTP/1.1 200 OK"
INFO:httpx:HTTP Request: HEAD https://huggingface.co/google/flan-t5-base/resolve/main/config.json "HTTP/1.1 307 Temporary Redirect"
INFO:httpx:HTTP Request: HEAD https://huggingface.co/api/resolve-cache/models/google/flan-t5-base/7bcac572ce56db69c1ea7c8af255c5d7c9672fc2/config.json "HTTP/1.1 200 OK"
INFO:httpx:HTTP Request: HEAD https://huggingface.co/google/flan-t5-base/resolve/main/tokenizer_config.json "HTTP/1.1 307 Temporary Redirect"
INFO:httpx:HTTP Request: HEAD https://huggingface.co/api/resolve-cache/models/google/flan-t5-base/7bcac572ce56db69c1ea7c8af255c5d7c9672fc2/tokenizer_config.json "HTTP/1.1 200 OK"
INFO:httpx:HTTP Request: GET https://huggingface.co/api/models/google/flan-t5-base/tree/main/additional_chat_templates?recursive=false&expand=false "HTTP/1.1 404 Not Found"
INFO:httpx:HTTP Request: GET https://huggingface.co/api/models/google/flan-t5-base/tree/main?recursive=true&expand=false "HTTP/1.1 200 OK"
INFO:httpx:HTTP Request: HEAD https://huggingface.co/google/flan-t5-base/resolve/main/config.json "HTTP/1.1 307 Temporary Redirect"
INFO:httpx:HTTP Request: HEAD https://huggingface.co/api/resolve-cache/models/google/flan-t5-base/7bcac572ce56db69c1ea7c8af255c5d7c9672fc2/config.json "HTTP/1.1 200 OK"
Loading weights:   0%|          | 0/282 [00:00<?, ?it/s]Loading weights: 100%|██████████| 282/282 [00:00<00:00, 15330.30it/s]
[transformers] The tied weights mapping and config for this model specifies to tie shared.weight to lm_head.weight, but both are present in the checkpoints with different values, so we will NOT tie them. You should update the config with `tie_word_embeddings=False` to silence this warning.
INFO:httpx:HTTP Request: HEAD https://huggingface.co/google/flan-t5-base/resolve/main/generation_config.json "HTTP/1.1 307 Temporary Redirect"
INFO:httpx:HTTP Request: HEAD https://huggingface.co/api/resolve-cache/models/google/flan-t5-base/7bcac572ce56db69c1ea7c8af255c5d7c9672fc2/generation_config.json "HTTP/1.1 200 OK"

[1/1] video_id=4010069381
gold=A, pred=A, raw=A, correct=True

=== Evaluation Summary ===
Total: 1
Correct: 1
Accuracy: 100.00%
Avg elapsed/sample: 1.16s
Final memory: {'process_peak_rss_mb': 20835.8984375, 'device': 'cuda', 'gpu_peak_allocated_mb': 9772.01123046875, 'gpu_peak_reserved_mb': 10090.0}
Saved to: outputs/smoke.json
